2013-10-17 20:40:26,316 [localhost-startStop-1] ERROR StackTrace  - Full Stack Trace:
org.springframework.beans.factory.BeanCreationException: Error creating bean with name 'transactionManagerPostProcessor': Initialization of bean failed; nested exception is org.springframework.beans.factory.BeanCreationException: Error creating bean with name 'transactionManager': Cannot resolve reference to bean 'sessionFactory' while setting bean property 'sessionFactory'; nested exception is org.springframework.beans.factory.BeanCreationException: Error creating bean with name 'sessionFactory': Cannot resolve reference to bean 'hibernateProperties' while setting bean property 'hibernateProperties'; nested exception is org.springframework.beans.factory.BeanCreationException: Error creating bean with name 'hibernateProperties': Cannot resolve reference to bean 'dialectDetector' while setting bean property 'properties' with key [hibernate.dialect]; nested exception is org.springframework.beans.factory.BeanCreationException: Error creating bean with name 'dialectDetector': Invocation of init method failed; nested exception is org.codehaus.groovy.grails.orm.hibernate.exceptions.CouldNotDetermineHibernateDialectException: Could not determine Hibernate dialect for database name [H2]!
	at org.springframework.beans.factory.support.AbstractAutowireCapableBeanFactory.doCreateBean(AbstractAutowireCapableBeanFactory.java:527)
	at org.codehaus.groovy.grails.commons.spring.ReloadAwareAutowireCapableBeanFactory.doCreateBean(ReloadAwareAutowireCapableBeanFactory.java:130)
	at org.springframework.beans.factory.support.AbstractAutowireCapableBeanFactory.createBean(AbstractAutowireCapableBeanFactory.java:456)
	at org.springframework.beans.factory.support.AbstractBeanFactory$1.getObject(AbstractBeanFactory.java:294)
	at org.springframework.beans.factory.support.DefaultSingletonBeanRegistry.getSingleton(DefaultSingletonBeanRegistry.java:225)
	at org.springframework.beans.factory.support.AbstractBeanFactory.doGetBean(AbstractBeanFactory.java:291)
	at org.springframework.beans.factory.support.AbstractBeanFactory.getBean(AbstractBeanFactory.java:197)
	at org.springframework.context.support.AbstractApplicationContext.registerBeanPostProcessors(AbstractApplicationContext.java:712)
	at org.springframework.context.support.AbstractApplicationContext.refresh(AbstractApplicationContext.java:454)
	at org.codehaus.groovy.grails.commons.spring.DefaultRuntimeSpringConfiguration.getApplicationContext(DefaultRuntimeSpringConfiguration.java:153)
	at org.codehaus.groovy.grails.commons.spring.GrailsRuntimeConfigurator.configure(GrailsRuntimeConfigurator.java:170)
	at org.codehaus.groovy.grails.commons.spring.GrailsRuntimeConfigurator.configure(GrailsRuntimeConfigurator.java:127)
	at org.codehaus.groovy.grails.web.context.GrailsConfigUtils.configureWebApplicationContext(GrailsConfigUtils.java:121)
	at org.codehaus.groovy.grails.web.context.GrailsContextLoader.initWebApplicationContext(GrailsContextLoader.java:104)
	at org.springframework.web.context.ContextLoaderListener.contextInitialized(ContextLoaderListener.java:111)
	at org.apache.catalina.core.StandardContext.listenerStart(StandardContext.java:4791)
	at org.apache.catalina.core.StandardContext.startInternal(StandardContext.java:5285)
	at org.apache.catalina.util.LifecycleBase.start(LifecycleBase.java:150)
	at org.apache.catalina.core.ContainerBase$StartChild.call(ContainerBase.java:1559)
	at org.apache.catalina.core.ContainerBase$StartChild.call(ContainerBase.java:1549)
	at java.util.concurrent.FutureTask$Sync.innerRun(FutureTask.java:334)
	at java.util.concurrent.FutureTask.run(FutureTask.java:166)
	at java.util.concurrent.ThreadPoolExecutor.runWorker(ThreadPoolExecutor.java:1145)
	at java.util.concurrent.ThreadPoolExecutor$Worker.run(ThreadPoolExecutor.java:615)
	at java.lang.Thread.run(Thread.java:724)
Caused by: org.springframework.beans.factory.BeanCreationException: Error creating bean with name 'transactionManager': Cannot resolve reference to bean 'sessionFactory' while setting bean property 'sessionFactory'; nested exception is org.springframework.beans.factory.BeanCreationException: Error creating bean with name 'sessionFactory': Cannot resolve reference to bean 'hibernateProperties' while setting bean property 'hibernateProperties'; nested exception is org.springframework.beans.factory.BeanCreationException: Error creating bean with name 'hibernateProperties': Cannot resolve reference to bean 'dialectDetector' while setting bean property 'properties' with key [hibernate.dialect]; nested exception is org.springframework.beans.factory.BeanCreationException: Error creating bean with name 'dialectDetector': Invocation of init method failed; nested exception is org.codehaus.groovy.grails.orm.hibernate.exceptions.CouldNotDetermineHibernateDialectException: Could not determine Hibernate dialect for database name [H2]!
	at org.springframework.beans.factory.support.BeanDefinitionValueResolver.resolveReference(BeanDefinitionValueResolver.java:328)
	at org.springframework.beans.factory.support.BeanDefinitionValueResolver.resolveValueIfNecessary(BeanDefinitionValueResolver.java:106)
	at org.springframework.beans.factory.support.AbstractAutowireCapableBeanFactory.applyPropertyValues(AbstractAutowireCapableBeanFactory.java:1360)
	at org.springframework.beans.factory.support.AbstractAutowireCapableBeanFactory.populateBean(AbstractAutowireCapableBeanFactory.java:1118)
	at org.springframework.beans.factory.support.AbstractAutowireCapableBeanFactory.doCreateBean(AbstractAutowireCapableBeanFactory.java:517)
	at org.codehaus.groovy.grails.commons.spring.ReloadAwareAutowireCapableBeanFactory.doCreateBean(ReloadAwareAutowireCapableBeanFactory.java:130)
	at org.springframework.beans.factory.support.AbstractAutowireCapableBeanFactory.createBean(AbstractAutowireCapableBeanFactory.java:456)
	at org.springframework.beans.factory.support.AbstractBeanFactory$1.getObject(AbstractBeanFactory.java:294)
	at org.springframework.beans.factory.support.DefaultSingletonBeanRegistry.getSingleton(DefaultSingletonBeanRegistry.java:225)
	at org.springframework.beans.factory.support.AbstractBeanFactory.doGetBean(AbstractBeanFactory.java:291)
	at org.springframework.beans.factory.support.AbstractBeanFactory.getBean(AbstractBeanFactory.java:197)
	at org.codehaus.groovy.grails.orm.support.TransactionManagerPostProcessor.initialize(TransactionManagerPostProcessor.java:74)
	at org.codehaus.groovy.grails.orm.support.TransactionManagerPostProcessor.setBeanFactory(TransactionManagerPostProcessor.java:52)
	at org.springframework.beans.factory.support.AbstractAutowireCapableBeanFactory.invokeAwareMethods(AbstractAutowireCapableBeanFactory.java:1475)
	at org.springframework.beans.factory.support.AbstractAutowireCapableBeanFactory.initializeBean(AbstractAutowireCapableBeanFactory.java:1443)
	at org.springframework.beans.factory.support.AbstractAutowireCapableBeanFactory.doCreateBean(AbstractAutowireCapableBeanFactory.java:519)
	... 24 more
Caused by: org.springframework.beans.factory.BeanCreationException: Error creating bean with name 'sessionFactory': Cannot resolve reference to bean 'hibernateProperties' while setting bean property 'hibernateProperties'; nested exception is org.springframework.beans.factory.BeanCreationException: Error creating bean with name 'hibernateProperties': Cannot resolve reference to bean 'dialectDetector' while setting bean property 'properties' with key [hibernate.dialect]; nested exception is org.springframework.beans.factory.BeanCreationException: Error creating bean with name 'dialectDetector': Invocation of init method failed; nested exception is org.codehaus.groovy.grails.orm.hibernate.exceptions.CouldNotDetermineHibernateDialectException: Could not determine Hibernate dialect for database name [H2]!
	at org.springframework.beans.factory.support.BeanDefinitionValueResolver.resolveReference(BeanDefinitionValueResolver.java:328)
	at org.springframework.beans.factory.support.BeanDefinitionValueResolver.resolveValueIfNecessary(BeanDefinitionValueResolver.java:106)
	at org.springframework.beans.factory.support.AbstractAutowireCapableBeanFactory.applyPropertyValues(AbstractAutowireCapableBeanFactory.java:1360)
	at org.springframework.beans.factory.support.AbstractAutowireCapableBeanFactory.populateBean(AbstractAutowireCapableBeanFactory.java:1118)
	at org.springframework.beans.factory.support.AbstractAutowireCapableBeanFactory.doCreateBean(AbstractAutowireCapableBeanFactory.java:517)
	at org.codehaus.groovy.grails.commons.spring.ReloadAwareAutowireCapableBeanFactory.doCreateBean(ReloadAwareAutowireCapableBeanFactory.java:130)
	at org.springframework.beans.factory.support.AbstractAutowireCapableBeanFactory.createBean(AbstractAutowireCapableBeanFactory.java:456)
	at org.springframework.beans.factory.support.AbstractBeanFactory$1.getObject(AbstractBeanFactory.java:294)
	at org.springframework.beans.factory.support.DefaultSingletonBeanRegistry.getSingleton(DefaultSingletonBeanRegistry.java:225)
	at org.springframework.beans.factory.support.AbstractBeanFactory.doGetBean(AbstractBeanFactory.java:291)
	at org.springframework.beans.factory.support.AbstractBeanFactory.getBean(AbstractBeanFactory.java:193)
	at org.springframework.beans.factory.support.BeanDefinitionValueResolver.resolveReference(BeanDefinitionValueResolver.java:322)
	... 39 more
Caused by: org.springframework.beans.factory.BeanCreationException: Error creating bean with name 'hibernateProperties': Cannot resolve reference to bean 'dialectDetector' while setting bean property 'properties' with key [hibernate.dialect]; nested exception is org.springframework.beans.factory.BeanCreationException: Error creating bean with name 'dialectDetector': Invocation of init method failed; nested exception is org.codehaus.groovy.grails.orm.hibernate.exceptions.CouldNotDetermineHibernateDialectException: Could not determine Hibernate dialect for database name [H2]!
	at org.springframework.beans.factory.support.BeanDefinitionValueResolver.resolveReference(BeanDefinitionValueResolver.java:328)
	at org.springframework.beans.factory.support.BeanDefinitionValueResolver.resolveValueIfNecessary(BeanDefinitionValueResolver.java:106)
	at org.springframework.beans.factory.support.BeanDefinitionValueResolver.resolveManagedMap(BeanDefinitionValueResolver.java:378)
	at org.springframework.beans.factory.support.BeanDefinitionValueResolver.resolveValueIfNecessary(BeanDefinitionValueResolver.java:161)
	at org.springframework.beans.factory.support.AbstractAutowireCapableBeanFactory.applyPropertyValues(AbstractAutowireCapableBeanFactory.java:1360)
	at org.springframework.beans.factory.support.AbstractAutowireCapableBeanFactory.populateBean(AbstractAutowireCapableBeanFactory.java:1118)
	at org.springframework.beans.factory.support.AbstractAutowireCapableBeanFactory.doCreateBean(AbstractAutowireCapableBeanFactory.java:517)
	at org.codehaus.groovy.grails.commons.spring.ReloadAwareAutowireCapableBeanFactory.doCreateBean(ReloadAwareAutowireCapableBeanFactory.java:130)
	at org.springframework.beans.factory.support.AbstractAutowireCapableBeanFactory.createBean(AbstractAutowireCapableBeanFactory.java:456)
	at org.springframework.beans.factory.support.AbstractBeanFactory.doGetBean(AbstractBeanFactory.java:313)
	at org.springframework.beans.factory.support.AbstractBeanFactory.getBean(AbstractBeanFactory.java:193)
	at org.springframework.beans.factory.support.BeanDefinitionValueResolver.resolveReference(BeanDefinitionValueResolver.java:322)
	... 50 more
Caused by: org.springframework.beans.factory.BeanCreationException: Error creating bean with name 'dialectDetector': Invocation of init method failed; nested exception is org.codehaus.groovy.grails.orm.hibernate.exceptions.CouldNotDetermineHibernateDialectException: Could not determine Hibernate dialect for database name [H2]!
	at org.springframework.beans.factory.support.AbstractAutowireCapableBeanFactory.initializeBean(AbstractAutowireCapableBeanFactory.java:1455)
	at org.springframework.beans.factory.support.AbstractAutowireCapableBeanFactory.doCreateBean(AbstractAutowireCapableBeanFactory.java:519)
	at org.codehaus.groovy.grails.commons.spring.ReloadAwareAutowireCapableBeanFactory.doCreateBean(ReloadAwareAutowireCapableBeanFactory.java:130)
	at org.springframework.beans.factory.support.AbstractAutowireCapableBeanFactory.createBean(AbstractAutowireCapableBeanFactory.java:456)
	at org.springframework.beans.factory.support.AbstractBeanFactory$1.getObject(AbstractBeanFactory.java:294)
	at org.springframework.beans.factory.support.DefaultSingletonBeanRegistry.getSingleton(DefaultSingletonBeanRegistry.java:225)
	at org.springframework.beans.factory.support.AbstractBeanFactory.doGetBean(AbstractBeanFactory.java:291)
	at org.springframework.beans.factory.support.AbstractBeanFactory.getBean(AbstractBeanFactory.java:193)
	at org.springframework.beans.factory.support.BeanDefinitionValueResolver.resolveReference(BeanDefinitionValueResolver.java:322)
	... 61 more
Caused by: org.codehaus.groovy.grails.orm.hibernate.exceptions.CouldNotDetermineHibernateDialectException: Could not determine Hibernate dialect for database name [H2]!
	at org.codehaus.groovy.grails.orm.hibernate.support.HibernateDialectDetectorFactoryBean.afterPropertiesSet(HibernateDialectDetectorFactoryBean.java:91)
	at org.springframework.beans.factory.support.AbstractAutowireCapableBeanFactory.invokeInitMethods(AbstractAutowireCapableBeanFactory.java:1514)
	at org.springframework.beans.factory.support.AbstractAutowireCapableBeanFactory.initializeBean(AbstractAutowireCapableBeanFactory.java:1452)
	... 69 more
2013-10-17 20:40:26,323 [localhost-startStop-1] ERROR StackTrace  - Full Stack Trace:
org.springframework.beans.factory.BeanCreationException: Error creating bean with name 'transactionManager': Cannot resolve reference to bean 'sessionFactory' while setting bean property 'sessionFactory'; nested exception is org.springframework.beans.factory.BeanCreationException: Error creating bean with name 'sessionFactory': Cannot resolve reference to bean 'hibernateProperties' while setting bean property 'hibernateProperties'; nested exception is org.springframework.beans.factory.BeanCreationException: Error creating bean with name 'hibernateProperties': Cannot resolve reference to bean 'dialectDetector' while setting bean property 'properties' with key [hibernate.dialect]; nested exception is org.springframework.beans.factory.BeanCreationException: Error creating bean with name 'dialectDetector': Invocation of init method failed; nested exception is org.codehaus.groovy.grails.orm.hibernate.exceptions.CouldNotDetermineHibernateDialectException: Could not determine Hibernate dialect for database name [H2]!
	at org.springframework.beans.factory.support.BeanDefinitionValueResolver.resolveReference(BeanDefinitionValueResolver.java:328)
	at org.springframework.beans.factory.support.BeanDefinitionValueResolver.resolveValueIfNecessary(BeanDefinitionValueResolver.java:106)
	at org.springframework.beans.factory.support.AbstractAutowireCapableBeanFactory.applyPropertyValues(AbstractAutowireCapableBeanFactory.java:1360)
	at org.springframework.beans.factory.support.AbstractAutowireCapableBeanFactory.populateBean(AbstractAutowireCapableBeanFactory.java:1118)
	at org.springframework.beans.factory.support.AbstractAutowireCapableBeanFactory.doCreateBean(AbstractAutowireCapableBeanFactory.java:517)
	at org.codehaus.groovy.grails.commons.spring.ReloadAwareAutowireCapableBeanFactory.doCreateBean(ReloadAwareAutowireCapableBeanFactory.java:130)
	at org.springframework.beans.factory.support.AbstractAutowireCapableBeanFactory.createBean(AbstractAutowireCapableBeanFactory.java:456)
	at org.springframework.beans.factory.support.AbstractBeanFactory$1.getObject(AbstractBeanFactory.java:294)
	at org.springframework.beans.factory.support.DefaultSingletonBeanRegistry.getSingleton(DefaultSingletonBeanRegistry.java:225)
	at org.springframework.beans.factory.support.AbstractBeanFactory.doGetBean(AbstractBeanFactory.java:291)
	at org.springframework.beans.factory.support.AbstractBeanFactory.getBean(AbstractBeanFactory.java:197)
	at org.codehaus.groovy.grails.orm.support.TransactionManagerPostProcessor.initialize(TransactionManagerPostProcessor.java:74)
	at org.codehaus.groovy.grails.orm.support.TransactionManagerPostProcessor.setBeanFactory(TransactionManagerPostProcessor.java:52)
	at org.springframework.beans.factory.support.AbstractAutowireCapableBeanFactory.invokeAwareMethods(AbstractAutowireCapableBeanFactory.java:1475)
	at org.springframework.beans.factory.support.AbstractAutowireCapableBeanFactory.initializeBean(AbstractAutowireCapableBeanFactory.java:1443)
	at org.springframework.beans.factory.support.AbstractAutowireCapableBeanFactory.doCreateBean(AbstractAutowireCapableBeanFactory.java:519)
	at org.codehaus.groovy.grails.commons.spring.ReloadAwareAutowireCapableBeanFactory.doCreateBean(ReloadAwareAutowireCapableBeanFactory.java:130)
	at org.springframework.beans.factory.support.AbstractAutowireCapableBeanFactory.createBean(AbstractAutowireCapableBeanFactory.java:456)
	at org.springframework.beans.factory.support.AbstractBeanFactory$1.getObject(AbstractBeanFactory.java:294)
	at org.springframework.beans.factory.support.DefaultSingletonBeanRegistry.getSingleton(DefaultSingletonBeanRegistry.java:225)
	at org.springframework.beans.factory.support.AbstractBeanFactory.doGetBean(AbstractBeanFactory.java:291)
	at org.springframework.beans.factory.support.AbstractBeanFactory.getBean(AbstractBeanFactory.java:197)
	at org.springframework.context.support.AbstractApplicationContext.registerBeanPostProcessors(AbstractApplicationContext.java:712)
	at org.springframework.context.support.AbstractApplicationContext.refresh(AbstractApplicationContext.java:454)
	at org.codehaus.groovy.grails.commons.spring.DefaultRuntimeSpringConfiguration.getApplicationContext(DefaultRuntimeSpringConfiguration.java:153)
	at org.codehaus.groovy.grails.commons.spring.GrailsRuntimeConfigurator.configure(GrailsRuntimeConfigurator.java:170)
	at org.codehaus.groovy.grails.commons.spring.GrailsRuntimeConfigurator.configure(GrailsRuntimeConfigurator.java:127)
	at org.codehaus.groovy.grails.web.context.GrailsConfigUtils.configureWebApplicationContext(GrailsConfigUtils.java:121)
	at org.codehaus.groovy.grails.web.context.GrailsContextLoader.initWebApplicationContext(GrailsContextLoader.java:104)
	at org.springframework.web.context.ContextLoaderListener.contextInitialized(ContextLoaderListener.java:111)
	at org.apache.catalina.core.StandardContext.listenerStart(StandardContext.java:4791)
	at org.apache.catalina.core.StandardContext.startInternal(StandardContext.java:5285)
	at org.apache.catalina.util.LifecycleBase.start(LifecycleBase.java:150)
	at org.apache.catalina.core.ContainerBase$StartChild.call(ContainerBase.java:1559)
	at org.apache.catalina.core.ContainerBase$StartChild.call(ContainerBase.java:1549)
	at java.util.concurrent.FutureTask$Sync.innerRun(FutureTask.java:334)
	at java.util.concurrent.FutureTask.run(FutureTask.java:166)
	at java.util.concurrent.ThreadPoolExecutor.runWorker(ThreadPoolExecutor.java:1145)
	at java.util.concurrent.ThreadPoolExecutor$Worker.run(ThreadPoolExecutor.java:615)
	at java.lang.Thread.run(Thread.java:724)
Caused by: org.springframework.beans.factory.BeanCreationException: Error creating bean with name 'sessionFactory': Cannot resolve reference to bean 'hibernateProperties' while setting bean property 'hibernateProperties'; nested exception is org.springframework.beans.factory.BeanCreationException: Error creating bean with name 'hibernateProperties': Cannot resolve reference to bean 'dialectDetector' while setting bean property 'properties' with key [hibernate.dialect]; nested exception is org.springframework.beans.factory.BeanCreationException: Error creating bean with name 'dialectDetector': Invocation of init method failed; nested exception is org.codehaus.groovy.grails.orm.hibernate.exceptions.CouldNotDetermineHibernateDialectException: Could not determine Hibernate dialect for database name [H2]!
	at org.springframework.beans.factory.support.BeanDefinitionValueResolver.resolveReference(BeanDefinitionValueResolver.java:328)
	at org.springframework.beans.factory.support.BeanDefinitionValueResolver.resolveValueIfNecessary(BeanDefinitionValueResolver.java:106)
	at org.springframework.beans.factory.support.AbstractAutowireCapableBeanFactory.applyPropertyValues(AbstractAutowireCapableBeanFactory.java:1360)
	at org.springframework.beans.factory.support.AbstractAutowireCapableBeanFactory.populateBean(AbstractAutowireCapableBeanFactory.java:1118)
	at org.springframework.beans.factory.support.AbstractAutowireCapableBeanFactory.doCreateBean(AbstractAutowireCapableBeanFactory.java:517)
	at org.codehaus.groovy.grails.commons.spring.ReloadAwareAutowireCapableBeanFactory.doCreateBean(ReloadAwareAutowireCapableBeanFactory.java:130)
	at org.springframework.beans.factory.support.AbstractAutowireCapableBeanFactory.createBean(AbstractAutowireCapableBeanFactory.java:456)
	at org.springframework.beans.factory.support.AbstractBeanFactory$1.getObject(AbstractBeanFactory.java:294)
	at org.springframework.beans.factory.support.DefaultSingletonBeanRegistry.getSingleton(DefaultSingletonBeanRegistry.java:225)
	at org.springframework.beans.factory.support.AbstractBeanFactory.doGetBean(AbstractBeanFactory.java:291)
	at org.springframework.beans.factory.support.AbstractBeanFactory.getBean(AbstractBeanFactory.java:193)
	at org.springframework.beans.factory.support.BeanDefinitionValueResolver.resolveReference(BeanDefinitionValueResolver.java:322)
	... 39 more
Caused by: org.springframework.beans.factory.BeanCreationException: Error creating bean with name 'hibernateProperties': Cannot resolve reference to bean 'dialectDetector' while setting bean property 'properties' with key [hibernate.dialect]; nested exception is org.springframework.beans.factory.BeanCreationException: Error creating bean with name 'dialectDetector': Invocation of init method failed; nested exception is org.codehaus.groovy.grails.orm.hibernate.exceptions.CouldNotDetermineHibernateDialectException: Could not determine Hibernate dialect for database name [H2]!
	at org.springframework.beans.factory.support.BeanDefinitionValueResolver.resolveReference(BeanDefinitionValueResolver.java:328)
	at org.springframework.beans.factory.support.BeanDefinitionValueResolver.resolveValueIfNecessary(BeanDefinitionValueResolver.java:106)
	at org.springframework.beans.factory.support.BeanDefinitionValueResolver.resolveManagedMap(BeanDefinitionValueResolver.java:378)
	at org.springframework.beans.factory.support.BeanDefinitionValueResolver.resolveValueIfNecessary(BeanDefinitionValueResolver.java:161)
	at org.springframework.beans.factory.support.AbstractAutowireCapableBeanFactory.applyPropertyValues(AbstractAutowireCapableBeanFactory.java:1360)
	at org.springframework.beans.factory.support.AbstractAutowireCapableBeanFactory.populateBean(AbstractAutowireCapableBeanFactory.java:1118)
	at org.springframework.beans.factory.support.AbstractAutowireCapableBeanFactory.doCreateBean(AbstractAutowireCapableBeanFactory.java:517)
	at org.codehaus.groovy.grails.commons.spring.ReloadAwareAutowireCapableBeanFactory.doCreateBean(ReloadAwareAutowireCapableBeanFactory.java:130)
	at org.springframework.beans.factory.support.AbstractAutowireCapableBeanFactory.createBean(AbstractAutowireCapableBeanFactory.java:456)
	at org.springframework.beans.factory.support.AbstractBeanFactory.doGetBean(AbstractBeanFactory.java:313)
	at org.springframework.beans.factory.support.AbstractBeanFactory.getBean(AbstractBeanFactory.java:193)
	at org.springframework.beans.factory.support.BeanDefinitionValueResolver.resolveReference(BeanDefinitionValueResolver.java:322)
	... 50 more
Caused by: org.springframework.beans.factory.BeanCreationException: Error creating bean with name 'dialectDetector': Invocation of init method failed; nested exception is org.codehaus.groovy.grails.orm.hibernate.exceptions.CouldNotDetermineHibernateDialectException: Could not determine Hibernate dialect for database name [H2]!
	at org.springframework.beans.factory.support.AbstractAutowireCapableBeanFactory.initializeBean(AbstractAutowireCapableBeanFactory.java:1455)
	at org.springframework.beans.factory.support.AbstractAutowireCapableBeanFactory.doCreateBean(AbstractAutowireCapableBeanFactory.java:519)
	at org.codehaus.groovy.grails.commons.spring.ReloadAwareAutowireCapableBeanFactory.doCreateBean(ReloadAwareAutowireCapableBeanFactory.java:130)
	at org.springframework.beans.factory.support.AbstractAutowireCapableBeanFactory.createBean(AbstractAutowireCapableBeanFactory.java:456)
	at org.springframework.beans.factory.support.AbstractBeanFactory$1.getObject(AbstractBeanFactory.java:294)
	at org.springframework.beans.factory.support.DefaultSingletonBeanRegistry.getSingleton(DefaultSingletonBeanRegistry.java:225)
	at org.springframework.beans.factory.support.AbstractBeanFactory.doGetBean(AbstractBeanFactory.java:291)
	at org.springframework.beans.factory.support.AbstractBeanFactory.getBean(AbstractBeanFactory.java:193)
	at org.springframework.beans.factory.support.BeanDefinitionValueResolver.resolveReference(BeanDefinitionValueResolver.java:322)
	... 61 more
Caused by: org.codehaus.groovy.grails.orm.hibernate.exceptions.CouldNotDetermineHibernateDialectException: Could not determine Hibernate dialect for database name [H2]!
	at org.codehaus.groovy.grails.orm.hibernate.support.HibernateDialectDetectorFactoryBean.afterPropertiesSet(HibernateDialectDetectorFactoryBean.java:91)
	at org.springframework.beans.factory.support.AbstractAutowireCapableBeanFactory.invokeInitMethods(AbstractAutowireCapableBeanFactory.java:1514)
	at org.springframework.beans.factory.support.AbstractAutowireCapableBeanFactory.initializeBean(AbstractAutowireCapableBeanFactory.java:1452)
	... 69 more
2013-10-17 20:40:26,325 [localhost-startStop-1] ERROR StackTrace  - Full Stack Trace:
org.springframework.beans.factory.BeanCreationException: Error creating bean with name 'sessionFactory': Cannot resolve reference to bean 'hibernateProperties' while setting bean property 'hibernateProperties'; nested exception is org.springframework.beans.factory.BeanCreationException: Error creating bean with name 'hibernateProperties': Cannot resolve reference to bean 'dialectDetector' while setting bean property 'properties' with key [hibernate.dialect]; nested exception is org.springframework.beans.factory.BeanCreationException: Error creating bean with name 'dialectDetector': Invocation of init method failed; nested exception is org.codehaus.groovy.grails.orm.hibernate.exceptions.CouldNotDetermineHibernateDialectException: Could not determine Hibernate dialect for database name [H2]!
	at org.springframework.beans.factory.support.BeanDefinitionValueResolver.resolveReference(BeanDefinitionValueResolver.java:328)
	at org.springframework.beans.factory.support.BeanDefinitionValueResolver.resolveValueIfNecessary(BeanDefinitionValueResolver.java:106)
	at org.springframework.beans.factory.support.AbstractAutowireCapableBeanFactory.applyPropertyValues(AbstractAutowireCapableBeanFactory.java:1360)
	at org.springframework.beans.factory.support.AbstractAutowireCapableBeanFactory.populateBean(AbstractAutowireCapableBeanFactory.java:1118)
	at org.springframework.beans.factory.support.AbstractAutowireCapableBeanFactory.doCreateBean(AbstractAutowireCapableBeanFactory.java:517)
	at org.codehaus.groovy.grails.commons.spring.ReloadAwareAutowireCapableBeanFactory.doCreateBean(ReloadAwareAutowireCapableBeanFactory.java:130)
	at org.springframework.beans.factory.support.AbstractAutowireCapableBeanFactory.createBean(AbstractAutowireCapableBeanFactory.java:456)
	at org.springframework.beans.factory.support.AbstractBeanFactory$1.getObject(AbstractBeanFactory.java:294)
	at org.springframework.beans.factory.support.DefaultSingletonBeanRegistry.getSingleton(DefaultSingletonBeanRegistry.java:225)
	at org.springframework.beans.factory.support.AbstractBeanFactory.doGetBean(AbstractBeanFactory.java:291)
	at org.springframework.beans.factory.support.AbstractBeanFactory.getBean(AbstractBeanFactory.java:193)
	at org.springframework.beans.factory.support.BeanDefinitionValueResolver.resolveReference(BeanDefinitionValueResolver.java:322)
	at org.springframework.beans.factory.support.BeanDefinitionValueResolver.resolveValueIfNecessary(BeanDefinitionValueResolver.java:106)
	at org.springframework.beans.factory.support.AbstractAutowireCapableBeanFactory.applyPropertyValues(AbstractAutowireCapableBeanFactory.java:1360)
	at org.springframework.beans.factory.support.AbstractAutowireCapableBeanFactory.populateBean(AbstractAutowireCapableBeanFactory.java:1118)
	at org.springframework.beans.factory.support.AbstractAutowireCapableBeanFactory.doCreateBean(AbstractAutowireCapableBeanFactory.java:517)
	at org.codehaus.groovy.grails.commons.spring.ReloadAwareAutowireCapableBeanFactory.doCreateBean(ReloadAwareAutowireCapableBeanFactory.java:130)
	at org.springframework.beans.factory.support.AbstractAutowireCapableBeanFactory.createBean(AbstractAutowireCapableBeanFactory.java:456)
	at org.springframework.beans.factory.support.AbstractBeanFactory$1.getObject(AbstractBeanFactory.java:294)
	at org.springframework.beans.factory.support.DefaultSingletonBeanRegistry.getSingleton(DefaultSingletonBeanRegistry.java:225)
	at org.springframework.beans.factory.support.AbstractBeanFactory.doGetBean(AbstractBeanFactory.java:291)
	at org.springframework.beans.factory.support.AbstractBeanFactory.getBean(AbstractBeanFactory.java:197)
	at org.codehaus.groovy.grails.orm.support.TransactionManagerPostProcessor.initialize(TransactionManagerPostProcessor.java:74)
	at org.codehaus.groovy.grails.orm.support.TransactionManagerPostProcessor.setBeanFactory(TransactionManagerPostProcessor.java:52)
	at org.springframework.beans.factory.support.AbstractAutowireCapableBeanFactory.invokeAwareMethods(AbstractAutowireCapableBeanFactory.java:1475)
	at org.springframework.beans.factory.support.AbstractAutowireCapableBeanFactory.initializeBean(AbstractAutowireCapableBeanFactory.java:1443)
	at org.springframework.beans.factory.support.AbstractAutowireCapableBeanFactory.doCreateBean(AbstractAutowireCapableBeanFactory.java:519)
	at org.codehaus.groovy.grails.commons.spring.ReloadAwareAutowireCapableBeanFactory.doCreateBean(ReloadAwareAutowireCapableBeanFactory.java:130)
	at org.springframework.beans.factory.support.AbstractAutowireCapableBeanFactory.createBean(AbstractAutowireCapableBeanFactory.java:456)
	at org.springframework.beans.factory.support.AbstractBeanFactory$1.getObject(AbstractBeanFactory.java:294)
	at org.springframework.beans.factory.support.DefaultSingletonBeanRegistry.getSingleton(DefaultSingletonBeanRegistry.java:225)
	at org.springframework.beans.factory.support.AbstractBeanFactory.doGetBean(AbstractBeanFactory.java:291)
	at org.springframework.beans.factory.support.AbstractBeanFactory.getBean(AbstractBeanFactory.java:197)
	at org.springframework.context.support.AbstractApplicationContext.registerBeanPostProcessors(AbstractApplicationContext.java:712)
	at org.springframework.context.support.AbstractApplicationContext.refresh(AbstractApplicationContext.java:454)
	at org.codehaus.groovy.grails.commons.spring.DefaultRuntimeSpringConfiguration.getApplicationContext(DefaultRuntimeSpringConfiguration.java:153)
	at org.codehaus.groovy.grails.commons.spring.GrailsRuntimeConfigurator.configure(GrailsRuntimeConfigurator.java:170)
	at org.codehaus.groovy.grails.commons.spring.GrailsRuntimeConfigurator.configure(GrailsRuntimeConfigurator.java:127)
	at org.codehaus.groovy.grails.web.context.GrailsConfigUtils.configureWebApplicationContext(GrailsConfigUtils.java:121)
	at org.codehaus.groovy.grails.web.context.GrailsContextLoader.initWebApplicationContext(GrailsContextLoader.java:104)
	at org.springframework.web.context.ContextLoaderListener.contextInitialized(ContextLoaderListener.java:111)
	at org.apache.catalina.core.StandardContext.listenerStart(StandardContext.java:4791)
	at org.apache.catalina.core.StandardContext.startInternal(StandardContext.java:5285)
	at org.apache.catalina.util.LifecycleBase.start(LifecycleBase.java:150)
	at org.apache.catalina.core.ContainerBase$StartChild.call(ContainerBase.java:1559)
	at org.apache.catalina.core.ContainerBase$StartChild.call(ContainerBase.java:1549)
	at java.util.concurrent.FutureTask$Sync.innerRun(FutureTask.java:334)
	at java.util.concurrent.FutureTask.run(FutureTask.java:166)
	at java.util.concurrent.ThreadPoolExecutor.runWorker(ThreadPoolExecutor.java:1145)
	at java.util.concurrent.ThreadPoolExecutor$Worker.run(ThreadPoolExecutor.java:615)
	at java.lang.Thread.run(Thread.java:724)
Caused by: org.springframework.beans.factory.BeanCreationException: Error creating bean with name 'hibernateProperties': Cannot resolve reference to bean 'dialectDetector' while setting bean property 'properties' with key [hibernate.dialect]; nested exception is org.springframework.beans.factory.BeanCreationException: Error creating bean with name 'dialectDetector': Invocation of init method failed; nested exception is org.codehaus.groovy.grails.orm.hibernate.exceptions.CouldNotDetermineHibernateDialectException: Could not determine Hibernate dialect for database name [H2]!
	at org.springframework.beans.factory.support.BeanDefinitionValueResolver.resolveReference(BeanDefinitionValueResolver.java:328)
	at org.springframework.beans.factory.support.BeanDefinitionValueResolver.resolveValueIfNecessary(BeanDefinitionValueResolver.java:106)
	at org.springframework.beans.factory.support.BeanDefinitionValueResolver.resolveManagedMap(BeanDefinitionValueResolver.java:378)
	at org.springframework.beans.factory.support.BeanDefinitionValueResolver.resolveValueIfNecessary(BeanDefinitionValueResolver.java:161)
	at org.springframework.beans.factory.support.AbstractAutowireCapableBeanFactory.applyPropertyValues(AbstractAutowireCapableBeanFactory.java:1360)
	at org.springframework.beans.factory.support.AbstractAutowireCapableBeanFactory.populateBean(AbstractAutowireCapableBeanFactory.java:1118)
	at org.springframework.beans.factory.support.AbstractAutowireCapableBeanFactory.doCreateBean(AbstractAutowireCapableBeanFactory.java:517)
	at org.codehaus.groovy.grails.commons.spring.ReloadAwareAutowireCapableBeanFactory.doCreateBean(ReloadAwareAutowireCapableBeanFactory.java:130)
	at org.springframework.beans.factory.support.AbstractAutowireCapableBeanFactory.createBean(AbstractAutowireCapableBeanFactory.java:456)
	at org.springframework.beans.factory.support.AbstractBeanFactory.doGetBean(AbstractBeanFactory.java:313)
	at org.springframework.beans.factory.support.AbstractBeanFactory.getBean(AbstractBeanFactory.java:193)
	at org.springframework.beans.factory.support.BeanDefinitionValueResolver.resolveReference(BeanDefinitionValueResolver.java:322)
	... 50 more
Caused by: org.springframework.beans.factory.BeanCreationException: Error creating bean with name 'dialectDetector': Invocation of init method failed; nested exception is org.codehaus.groovy.grails.orm.hibernate.exceptions.CouldNotDetermineHibernateDialectException: Could not determine Hibernate dialect for database name [H2]!
	at org.springframework.beans.factory.support.AbstractAutowireCapableBeanFactory.initializeBean(AbstractAutowireCapableBeanFactory.java:1455)
	at org.springframework.beans.factory.support.AbstractAutowireCapableBeanFactory.doCreateBean(AbstractAutowireCapableBeanFactory.java:519)
	at org.codehaus.groovy.grails.commons.spring.ReloadAwareAutowireCapableBeanFactory.doCreateBean(ReloadAwareAutowireCapableBeanFactory.java:130)
	at org.springframework.beans.factory.support.AbstractAutowireCapableBeanFactory.createBean(AbstractAutowireCapableBeanFactory.java:456)
	at org.springframework.beans.factory.support.AbstractBeanFactory$1.getObject(AbstractBeanFactory.java:294)
	at org.springframework.beans.factory.support.DefaultSingletonBeanRegistry.getSingleton(DefaultSingletonBeanRegistry.java:225)
	at org.springframework.beans.factory.support.AbstractBeanFactory.doGetBean(AbstractBeanFactory.java:291)
	at org.springframework.beans.factory.support.AbstractBeanFactory.getBean(AbstractBeanFactory.java:193)
	at org.springframework.beans.factory.support.BeanDefinitionValueResolver.resolveReference(BeanDefinitionValueResolver.java:322)
	... 61 more
Caused by: org.codehaus.groovy.grails.orm.hibernate.exceptions.CouldNotDetermineHibernateDialectException: Could not determine Hibernate dialect for database name [H2]!
	at org.codehaus.groovy.grails.orm.hibernate.support.HibernateDialectDetectorFactoryBean.afterPropertiesSet(HibernateDialectDetectorFactoryBean.java:91)
	at org.springframework.beans.factory.support.AbstractAutowireCapableBeanFactory.invokeInitMethods(AbstractAutowireCapableBeanFactory.java:1514)
	at org.springframework.beans.factory.support.AbstractAutowireCapableBeanFactory.initializeBean(AbstractAutowireCapableBeanFactory.java:1452)
	... 69 more
2013-10-17 20:40:26,327 [localhost-startStop-1] ERROR StackTrace  - Full Stack Trace:
org.springframework.beans.factory.BeanCreationException: Error creating bean with name 'hibernateProperties': Cannot resolve reference to bean 'dialectDetector' while setting bean property 'properties' with key [hibernate.dialect]; nested exception is org.springframework.beans.factory.BeanCreationException: Error creating bean with name 'dialectDetector': Invocation of init method failed; nested exception is org.codehaus.groovy.grails.orm.hibernate.exceptions.CouldNotDetermineHibernateDialectException: Could not determine Hibernate dialect for database name [H2]!
	at org.springframework.beans.factory.support.BeanDefinitionValueResolver.resolveReference(BeanDefinitionValueResolver.java:328)
	at org.springframework.beans.factory.support.BeanDefinitionValueResolver.resolveValueIfNecessary(BeanDefinitionValueResolver.java:106)
	at org.springframework.beans.factory.support.BeanDefinitionValueResolver.resolveManagedMap(BeanDefinitionValueResolver.java:378)
	at org.springframework.beans.factory.support.BeanDefinitionValueResolver.resolveValueIfNecessary(BeanDefinitionValueResolver.java:161)
	at org.springframework.beans.factory.support.AbstractAutowireCapableBeanFactory.applyPropertyValues(AbstractAutowireCapableBeanFactory.java:1360)
	at org.springframework.beans.factory.support.AbstractAutowireCapableBeanFactory.populateBean(AbstractAutowireCapableBeanFactory.java:1118)
	at org.springframework.beans.factory.support.AbstractAutowireCapableBeanFactory.doCreateBean(AbstractAutowireCapableBeanFactory.java:517)
	at org.codehaus.groovy.grails.commons.spring.ReloadAwareAutowireCapableBeanFactory.doCreateBean(ReloadAwareAutowireCapableBeanFactory.java:130)
	at org.springframework.beans.factory.support.AbstractAutowireCapableBeanFactory.createBean(AbstractAutowireCapableBeanFactory.java:456)
	at org.springframework.beans.factory.support.AbstractBeanFactory.doGetBean(AbstractBeanFactory.java:313)
	at org.springframework.beans.factory.support.AbstractBeanFactory.getBean(AbstractBeanFactory.java:193)
	at org.springframework.beans.factory.support.BeanDefinitionValueResolver.resolveReference(BeanDefinitionValueResolver.java:322)
	at org.springframework.beans.factory.support.BeanDefinitionValueResolver.resolveValueIfNecessary(BeanDefinitionValueResolver.java:106)
	at org.springframework.beans.factory.support.AbstractAutowireCapableBeanFactory.applyPropertyValues(AbstractAutowireCapableBeanFactory.java:1360)
	at org.springframework.beans.factory.support.AbstractAutowireCapableBeanFactory.populateBean(AbstractAutowireCapableBeanFactory.java:1118)
	at org.springframework.beans.factory.support.AbstractAutowireCapableBeanFactory.doCreateBean(AbstractAutowireCapableBeanFactory.java:517)
	at org.codehaus.groovy.grails.commons.spring.ReloadAwareAutowireCapableBeanFactory.doCreateBean(ReloadAwareAutowireCapableBeanFactory.java:130)
	at org.springframework.beans.factory.support.AbstractAutowireCapableBeanFactory.createBean(AbstractAutowireCapableBeanFactory.java:456)
	at org.springframework.beans.factory.support.AbstractBeanFactory$1.getObject(AbstractBeanFactory.java:294)
	at org.springframework.beans.factory.support.DefaultSingletonBeanRegistry.getSingleton(DefaultSingletonBeanRegistry.java:225)
	at org.springframework.beans.factory.support.AbstractBeanFactory.doGetBean(AbstractBeanFactory.java:291)
	at org.springframework.beans.factory.support.AbstractBeanFactory.getBean(AbstractBeanFactory.java:193)
	at org.springframework.beans.factory.support.BeanDefinitionValueResolver.resolveReference(BeanDefinitionValueResolver.java:322)
	at org.springframework.beans.factory.support.BeanDefinitionValueResolver.resolveValueIfNecessary(BeanDefinitionValueResolver.java:106)
	at org.springframework.beans.factory.support.AbstractAutowireCapableBeanFactory.applyPropertyValues(AbstractAutowireCapableBeanFactory.java:1360)
	at org.springframework.beans.factory.support.AbstractAutowireCapableBeanFactory.populateBean(AbstractAutowireCapableBeanFactory.java:1118)
	at org.springframework.beans.factory.support.AbstractAutowireCapableBeanFactory.doCreateBean(AbstractAutowireCapableBeanFactory.java:517)
	at org.codehaus.groovy.grails.commons.spring.ReloadAwareAutowireCapableBeanFactory.doCreateBean(ReloadAwareAutowireCapableBeanFactory.java:130)
	at org.springframework.beans.factory.support.AbstractAutowireCapableBeanFactory.createBean(AbstractAutowireCapableBeanFactory.java:456)
	at org.springframework.beans.factory.support.AbstractBeanFactory$1.getObject(AbstractBeanFactory.java:294)
	at org.springframework.beans.factory.support.DefaultSingletonBeanRegistry.getSingleton(DefaultSingletonBeanRegistry.java:225)
	at org.springframework.beans.factory.support.AbstractBeanFactory.doGetBean(AbstractBeanFactory.java:291)
	at org.springframework.beans.factory.support.AbstractBeanFactory.getBean(AbstractBeanFactory.java:197)
	at org.codehaus.groovy.grails.orm.support.TransactionManagerPostProcessor.initialize(TransactionManagerPostProcessor.java:74)
	at org.codehaus.groovy.grails.orm.support.TransactionManagerPostProcessor.setBeanFactory(TransactionManagerPostProcessor.java:52)
	at org.springframework.beans.factory.support.AbstractAutowireCapableBeanFactory.invokeAwareMethods(AbstractAutowireCapableBeanFactory.java:1475)
	at org.springframework.beans.factory.support.AbstractAutowireCapableBeanFactory.initializeBean(AbstractAutowireCapableBeanFactory.java:1443)
	at org.springframework.beans.factory.support.AbstractAutowireCapableBeanFactory.doCreateBean(AbstractAutowireCapableBeanFactory.java:519)
	at org.codehaus.groovy.grails.commons.spring.ReloadAwareAutowireCapableBeanFactory.doCreateBean(ReloadAwareAutowireCapableBeanFactory.java:130)
	at org.springframework.beans.factory.support.AbstractAutowireCapableBeanFactory.createBean(AbstractAutowireCapableBeanFactory.java:456)
	at org.springframework.beans.factory.support.AbstractBeanFactory$1.getObject(AbstractBeanFactory.java:294)
	at org.springframework.beans.factory.support.DefaultSingletonBeanRegistry.getSingleton(DefaultSingletonBeanRegistry.java:225)
	at org.springframework.beans.factory.support.AbstractBeanFactory.doGetBean(AbstractBeanFactory.java:291)
	at org.springframework.beans.factory.support.AbstractBeanFactory.getBean(AbstractBeanFactory.java:197)
	at org.springframework.context.support.AbstractApplicationContext.registerBeanPostProcessors(AbstractApplicationContext.java:712)
	at org.springframework.context.support.AbstractApplicationContext.refresh(AbstractApplicationContext.java:454)
	at org.codehaus.groovy.grails.commons.spring.DefaultRuntimeSpringConfiguration.getApplicationContext(DefaultRuntimeSpringConfiguration.java:153)
	at org.codehaus.groovy.grails.commons.spring.GrailsRuntimeConfigurator.configure(GrailsRuntimeConfigurator.java:170)
	at org.codehaus.groovy.grails.commons.spring.GrailsRuntimeConfigurator.configure(GrailsRuntimeConfigurator.java:127)
	at org.codehaus.groovy.grails.web.context.GrailsConfigUtils.configureWebApplicationContext(GrailsConfigUtils.java:121)
	at org.codehaus.groovy.grails.web.context.GrailsContextLoader.initWebApplicationContext(GrailsContextLoader.java:104)
	at org.springframework.web.context.ContextLoaderListener.contextInitialized(ContextLoaderListener.java:111)
	at org.apache.catalina.core.StandardContext.listenerStart(StandardContext.java:4791)
	at org.apache.catalina.core.StandardContext.startInternal(StandardContext.java:5285)
	at org.apache.catalina.util.LifecycleBase.start(LifecycleBase.java:150)
	at org.apache.catalina.core.ContainerBase$StartChild.call(ContainerBase.java:1559)
	at org.apache.catalina.core.ContainerBase$StartChild.call(ContainerBase.java:1549)
	at java.util.concurrent.FutureTask$Sync.innerRun(FutureTask.java:334)
	at java.util.concurrent.FutureTask.run(FutureTask.java:166)
	at java.util.concurrent.ThreadPoolExecutor.runWorker(ThreadPoolExecutor.java:1145)
	at java.util.concurrent.ThreadPoolExecutor$Worker.run(ThreadPoolExecutor.java:615)
	at java.lang.Thread.run(Thread.java:724)
Caused by: org.springframework.beans.factory.BeanCreationException: Error creating bean with name 'dialectDetector': Invocation of init method failed; nested exception is org.codehaus.groovy.grails.orm.hibernate.exceptions.CouldNotDetermineHibernateDialectException: Could not determine Hibernate dialect for database name [H2]!
	at org.springframework.beans.factory.support.AbstractAutowireCapableBeanFactory.initializeBean(AbstractAutowireCapableBeanFactory.java:1455)
	at org.springframework.beans.factory.support.AbstractAutowireCapableBeanFactory.doCreateBean(AbstractAutowireCapableBeanFactory.java:519)
	at org.codehaus.groovy.grails.commons.spring.ReloadAwareAutowireCapableBeanFactory.doCreateBean(ReloadAwareAutowireCapableBeanFactory.java:130)
	at org.springframework.beans.factory.support.AbstractAutowireCapableBeanFactory.createBean(AbstractAutowireCapableBeanFactory.java:456)
	at org.springframework.beans.factory.support.AbstractBeanFactory$1.getObject(AbstractBeanFactory.java:294)
	at org.springframework.beans.factory.support.DefaultSingletonBeanRegistry.getSingleton(DefaultSingletonBeanRegistry.java:225)
	at org.springframework.beans.factory.support.AbstractBeanFactory.doGetBean(AbstractBeanFactory.java:291)
	at org.springframework.beans.factory.support.AbstractBeanFactory.getBean(AbstractBeanFactory.java:193)
	at org.springframework.beans.factory.support.BeanDefinitionValueResolver.resolveReference(BeanDefinitionValueResolver.java:322)
	... 61 more
Caused by: org.codehaus.groovy.grails.orm.hibernate.exceptions.CouldNotDetermineHibernateDialectException: Could not determine Hibernate dialect for database name [H2]!
	at org.codehaus.groovy.grails.orm.hibernate.support.HibernateDialectDetectorFactoryBean.afterPropertiesSet(HibernateDialectDetectorFactoryBean.java:91)
	at org.springframework.beans.factory.support.AbstractAutowireCapableBeanFactory.invokeInitMethods(AbstractAutowireCapableBeanFactory.java:1514)
	at org.springframework.beans.factory.support.AbstractAutowireCapableBeanFactory.initializeBean(AbstractAutowireCapableBeanFactory.java:1452)
	... 69 more
2013-10-17 20:40:26,329 [localhost-startStop-1] ERROR StackTrace  - Full Stack Trace:
org.springframework.beans.factory.BeanCreationException: Error creating bean with name 'dialectDetector': Invocation of init method failed; nested exception is org.codehaus.groovy.grails.orm.hibernate.exceptions.CouldNotDetermineHibernateDialectException: Could not determine Hibernate dialect for database name [H2]!
	at org.springframework.beans.factory.support.AbstractAutowireCapableBeanFactory.initializeBean(AbstractAutowireCapableBeanFactory.java:1455)
	at org.springframework.beans.factory.support.AbstractAutowireCapableBeanFactory.doCreateBean(AbstractAutowireCapableBeanFactory.java:519)
	at org.codehaus.groovy.grails.commons.spring.ReloadAwareAutowireCapableBeanFactory.doCreateBean(ReloadAwareAutowireCapableBeanFactory.java:130)
	at org.springframework.beans.factory.support.AbstractAutowireCapableBeanFactory.createBean(AbstractAutowireCapableBeanFactory.java:456)
	at org.springframework.beans.factory.support.AbstractBeanFactory$1.getObject(AbstractBeanFactory.java:294)
	at org.springframework.beans.factory.support.DefaultSingletonBeanRegistry.getSingleton(DefaultSingletonBeanRegistry.java:225)
	at org.springframework.beans.factory.support.AbstractBeanFactory.doGetBean(AbstractBeanFactory.java:291)
	at org.springframework.beans.factory.support.AbstractBeanFactory.getBean(AbstractBeanFactory.java:193)
	at org.springframework.beans.factory.support.BeanDefinitionValueResolver.resolveReference(BeanDefinitionValueResolver.java:322)
	at org.springframework.beans.factory.support.BeanDefinitionValueResolver.resolveValueIfNecessary(BeanDefinitionValueResolver.java:106)
	at org.springframework.beans.factory.support.BeanDefinitionValueResolver.resolveManagedMap(BeanDefinitionValueResolver.java:378)
	at org.springframework.beans.factory.support.BeanDefinitionValueResolver.resolveValueIfNecessary(BeanDefinitionValueResolver.java:161)
	at org.springframework.beans.factory.support.AbstractAutowireCapableBeanFactory.applyPropertyValues(AbstractAutowireCapableBeanFactory.java:1360)
	at org.springframework.beans.factory.support.AbstractAutowireCapableBeanFactory.populateBean(AbstractAutowireCapableBeanFactory.java:1118)
	at org.springframework.beans.factory.support.AbstractAutowireCapableBeanFactory.doCreateBean(AbstractAutowireCapableBeanFactory.java:517)
	at org.codehaus.groovy.grails.commons.spring.ReloadAwareAutowireCapableBeanFactory.doCreateBean(ReloadAwareAutowireCapableBeanFactory.java:130)
	at org.springframework.beans.factory.support.AbstractAutowireCapableBeanFactory.createBean(AbstractAutowireCapableBeanFactory.java:456)
	at org.springframework.beans.factory.support.AbstractBeanFactory.doGetBean(AbstractBeanFactory.java:313)
	at org.springframework.beans.factory.support.AbstractBeanFactory.getBean(AbstractBeanFactory.java:193)
	at org.springframework.beans.factory.support.BeanDefinitionValueResolver.resolveReference(BeanDefinitionValueResolver.java:322)
	at org.springframework.beans.factory.support.BeanDefinitionValueResolver.resolveValueIfNecessary(BeanDefinitionValueResolver.java:106)
	at org.springframework.beans.factory.support.AbstractAutowireCapableBeanFactory.applyPropertyValues(AbstractAutowireCapableBeanFactory.java:1360)
	at org.springframework.beans.factory.support.AbstractAutowireCapableBeanFactory.populateBean(AbstractAutowireCapableBeanFactory.java:1118)
	at org.springframework.beans.factory.support.AbstractAutowireCapableBeanFactory.doCreateBean(AbstractAutowireCapableBeanFactory.java:517)
	at org.codehaus.groovy.grails.commons.spring.ReloadAwareAutowireCapableBeanFactory.doCreateBean(ReloadAwareAutowireCapableBeanFactory.java:130)
	at org.springframework.beans.factory.support.AbstractAutowireCapableBeanFactory.createBean(AbstractAutowireCapableBeanFactory.java:456)
	at org.springframework.beans.factory.support.AbstractBeanFactory$1.getObject(AbstractBeanFactory.java:294)
	at org.springframework.beans.factory.support.DefaultSingletonBeanRegistry.getSingleton(DefaultSingletonBeanRegistry.java:225)
	at org.springframework.beans.factory.support.AbstractBeanFactory.doGetBean(AbstractBeanFactory.java:291)
	at org.springframework.beans.factory.support.AbstractBeanFactory.getBean(AbstractBeanFactory.java:193)
	at org.springframework.beans.factory.support.BeanDefinitionValueResolver.resolveReference(BeanDefinitionValueResolver.java:322)
	at org.springframework.beans.factory.support.BeanDefinitionValueResolver.resolveValueIfNecessary(BeanDefinitionValueResolver.java:106)
	at org.springframework.beans.factory.support.AbstractAutowireCapableBeanFactory.applyPropertyValues(AbstractAutowireCapableBeanFactory.java:1360)
	at org.springframework.beans.factory.support.AbstractAutowireCapableBeanFactory.populateBean(AbstractAutowireCapableBeanFactory.java:1118)
	at org.springframework.beans.factory.support.AbstractAutowireCapableBeanFactory.doCreateBean(AbstractAutowireCapableBeanFactory.java:517)
	at org.codehaus.groovy.grails.commons.spring.ReloadAwareAutowireCapableBeanFactory.doCreateBean(ReloadAwareAutowireCapableBeanFactory.java:130)
	at org.springframework.beans.factory.support.AbstractAutowireCapableBeanFactory.createBean(AbstractAutowireCapableBeanFactory.java:456)
	at org.springframework.beans.factory.support.AbstractBeanFactory$1.getObject(AbstractBeanFactory.java:294)
	at org.springframework.beans.factory.support.DefaultSingletonBeanRegistry.getSingleton(DefaultSingletonBeanRegistry.java:225)
	at org.springframework.beans.factory.support.AbstractBeanFactory.doGetBean(AbstractBeanFactory.java:291)
	at org.springframework.beans.factory.support.AbstractBeanFactory.getBean(AbstractBeanFactory.java:197)
	at org.codehaus.groovy.grails.orm.support.TransactionManagerPostProcessor.initialize(TransactionManagerPostProcessor.java:74)
	at org.codehaus.groovy.grails.orm.support.TransactionManagerPostProcessor.setBeanFactory(TransactionManagerPostProcessor.java:52)
	at org.springframework.beans.factory.support.AbstractAutowireCapableBeanFactory.invokeAwareMethods(AbstractAutowireCapableBeanFactory.java:1475)
	at org.springframework.beans.factory.support.AbstractAutowireCapableBeanFactory.initializeBean(AbstractAutowireCapableBeanFactory.java:1443)
	at org.springframework.beans.factory.support.AbstractAutowireCapableBeanFactory.doCreateBean(AbstractAutowireCapableBeanFactory.java:519)
	at org.codehaus.groovy.grails.commons.spring.ReloadAwareAutowireCapableBeanFactory.doCreateBean(ReloadAwareAutowireCapableBeanFactory.java:130)
	at org.springframework.beans.factory.support.AbstractAutowireCapableBeanFactory.createBean(AbstractAutowireCapableBeanFactory.java:456)
	at org.springframework.beans.factory.support.AbstractBeanFactory$1.getObject(AbstractBeanFactory.java:294)
	at org.springframework.beans.factory.support.DefaultSingletonBeanRegistry.getSingleton(DefaultSingletonBeanRegistry.java:225)
	at org.springframework.beans.factory.support.AbstractBeanFactory.doGetBean(AbstractBeanFactory.java:291)
	at org.springframework.beans.factory.support.AbstractBeanFactory.getBean(AbstractBeanFactory.java:197)
	at org.springframework.context.support.AbstractApplicationContext.registerBeanPostProcessors(AbstractApplicationContext.java:712)
	at org.springframework.context.support.AbstractApplicationContext.refresh(AbstractApplicationContext.java:454)
	at org.codehaus.groovy.grails.commons.spring.DefaultRuntimeSpringConfiguration.getApplicationContext(DefaultRuntimeSpringConfiguration.java:153)
	at org.codehaus.groovy.grails.commons.spring.GrailsRuntimeConfigurator.configure(GrailsRuntimeConfigurator.java:170)
	at org.codehaus.groovy.grails.commons.spring.GrailsRuntimeConfigurator.configure(GrailsRuntimeConfigurator.java:127)
	at org.codehaus.groovy.grails.web.context.GrailsConfigUtils.configureWebApplicationContext(GrailsConfigUtils.java:121)
	at org.codehaus.groovy.grails.web.context.GrailsContextLoader.initWebApplicationContext(GrailsContextLoader.java:104)
	at org.springframework.web.context.ContextLoaderListener.contextInitialized(ContextLoaderListener.java:111)
	at org.apache.catalina.core.StandardContext.listenerStart(StandardContext.java:4791)
	at org.apache.catalina.core.StandardContext.startInternal(StandardContext.java:5285)
	at org.apache.catalina.util.LifecycleBase.start(LifecycleBase.java:150)
	at org.apache.catalina.core.ContainerBase$StartChild.call(ContainerBase.java:1559)
	at org.apache.catalina.core.ContainerBase$StartChild.call(ContainerBase.java:1549)
	at java.util.concurrent.FutureTask$Sync.innerRun(FutureTask.java:334)
	at java.util.concurrent.FutureTask.run(FutureTask.java:166)
	at java.util.concurrent.ThreadPoolExecutor.runWorker(ThreadPoolExecutor.java:1145)
	at java.util.concurrent.ThreadPoolExecutor$Worker.run(ThreadPoolExecutor.java:615)
	at java.lang.Thread.run(Thread.java:724)
Caused by: org.codehaus.groovy.grails.orm.hibernate.exceptions.CouldNotDetermineHibernateDialectException: Could not determine Hibernate dialect for database name [H2]!
	at org.codehaus.groovy.grails.orm.hibernate.support.HibernateDialectDetectorFactoryBean.afterPropertiesSet(HibernateDialectDetectorFactoryBean.java:91)
	at org.springframework.beans.factory.support.AbstractAutowireCapableBeanFactory.invokeInitMethods(AbstractAutowireCapableBeanFactory.java:1514)
	at org.springframework.beans.factory.support.AbstractAutowireCapableBeanFactory.initializeBean(AbstractAutowireCapableBeanFactory.java:1452)
	... 69 more
2013-10-17 20:40:26,330 [localhost-startStop-1] ERROR StackTrace  - Full Stack Trace:
org.codehaus.groovy.grails.orm.hibernate.exceptions.CouldNotDetermineHibernateDialectException: Could not determine Hibernate dialect for database name [H2]!
	at org.codehaus.groovy.grails.orm.hibernate.support.HibernateDialectDetectorFactoryBean.afterPropertiesSet(HibernateDialectDetectorFactoryBean.java:91)
	at org.springframework.beans.factory.support.AbstractAutowireCapableBeanFactory.invokeInitMethods(AbstractAutowireCapableBeanFactory.java:1514)
	at org.springframework.beans.factory.support.AbstractAutowireCapableBeanFactory.initializeBean(AbstractAutowireCapableBeanFactory.java:1452)
	at org.springframework.beans.factory.support.AbstractAutowireCapableBeanFactory.doCreateBean(AbstractAutowireCapableBeanFactory.java:519)
	at org.codehaus.groovy.grails.commons.spring.ReloadAwareAutowireCapableBeanFactory.doCreateBean(ReloadAwareAutowireCapableBeanFactory.java:130)
	at org.springframework.beans.factory.support.AbstractAutowireCapableBeanFactory.createBean(AbstractAutowireCapableBeanFactory.java:456)
	at org.springframework.beans.factory.support.AbstractBeanFactory$1.getObject(AbstractBeanFactory.java:294)
	at org.springframework.beans.factory.support.DefaultSingletonBeanRegistry.getSingleton(DefaultSingletonBeanRegistry.java:225)
	at org.springframework.beans.factory.support.AbstractBeanFactory.doGetBean(AbstractBeanFactory.java:291)
	at org.springframework.beans.factory.support.AbstractBeanFactory.getBean(AbstractBeanFactory.java:193)
	at org.springframework.beans.factory.support.BeanDefinitionValueResolver.resolveReference(BeanDefinitionValueResolver.java:322)
	at org.springframework.beans.factory.support.BeanDefinitionValueResolver.resolveValueIfNecessary(BeanDefinitionValueResolver.java:106)
	at org.springframework.beans.factory.support.BeanDefinitionValueResolver.resolveManagedMap(BeanDefinitionValueResolver.java:378)
	at org.springframework.beans.factory.support.BeanDefinitionValueResolver.resolveValueIfNecessary(BeanDefinitionValueResolver.java:161)
	at org.springframework.beans.factory.support.AbstractAutowireCapableBeanFactory.applyPropertyValues(AbstractAutowireCapableBeanFactory.java:1360)
	at org.springframework.beans.factory.support.AbstractAutowireCapableBeanFactory.populateBean(AbstractAutowireCapableBeanFactory.java:1118)
	at org.springframework.beans.factory.support.AbstractAutowireCapableBeanFactory.doCreateBean(AbstractAutowireCapableBeanFactory.java:517)
	at org.codehaus.groovy.grails.commons.spring.ReloadAwareAutowireCapableBeanFactory.doCreateBean(ReloadAwareAutowireCapableBeanFactory.java:130)
	at org.springframework.beans.factory.support.AbstractAutowireCapableBeanFactory.createBean(AbstractAutowireCapableBeanFactory.java:456)
	at org.springframework.beans.factory.support.AbstractBeanFactory.doGetBean(AbstractBeanFactory.java:313)
	at org.springframework.beans.factory.support.AbstractBeanFactory.getBean(AbstractBeanFactory.java:193)
	at org.springframework.beans.factory.support.BeanDefinitionValueResolver.resolveReference(BeanDefinitionValueResolver.java:322)
	at org.springframework.beans.factory.support.BeanDefinitionValueResolver.resolveValueIfNecessary(BeanDefinitionValueResolver.java:106)
	at org.springframework.beans.factory.support.AbstractAutowireCapableBeanFactory.applyPropertyValues(AbstractAutowireCapableBeanFactory.java:1360)
	at org.springframework.beans.factory.support.AbstractAutowireCapableBeanFactory.populateBean(AbstractAutowireCapableBeanFactory.java:1118)
	at org.springframework.beans.factory.support.AbstractAutowireCapableBeanFactory.doCreateBean(AbstractAutowireCapableBeanFactory.java:517)
	at org.codehaus.groovy.grails.commons.spring.ReloadAwareAutowireCapableBeanFactory.doCreateBean(ReloadAwareAutowireCapableBeanFactory.java:130)
	at org.springframework.beans.factory.support.AbstractAutowireCapableBeanFactory.createBean(AbstractAutowireCapableBeanFactory.java:456)
	at org.springframework.beans.factory.support.AbstractBeanFactory$1.getObject(AbstractBeanFactory.java:294)
	at org.springframework.beans.factory.support.DefaultSingletonBeanRegistry.getSingleton(DefaultSingletonBeanRegistry.java:225)
	at org.springframework.beans.factory.support.AbstractBeanFactory.doGetBean(AbstractBeanFactory.java:291)
	at org.springframework.beans.factory.support.AbstractBeanFactory.getBean(AbstractBeanFactory.java:193)
	at org.springframework.beans.factory.support.BeanDefinitionValueResolver.resolveReference(BeanDefinitionValueResolver.java:322)
	at org.springframework.beans.factory.support.BeanDefinitionValueResolver.resolveValueIfNecessary(BeanDefinitionValueResolver.java:106)
	at org.springframework.beans.factory.support.AbstractAutowireCapableBeanFactory.applyPropertyValues(AbstractAutowireCapableBeanFactory.java:1360)
	at org.springframework.beans.factory.support.AbstractAutowireCapableBeanFactory.populateBean(AbstractAutowireCapableBeanFactory.java:1118)
	at org.springframework.beans.factory.support.AbstractAutowireCapableBeanFactory.doCreateBean(AbstractAutowireCapableBeanFactory.java:517)
	at org.codehaus.groovy.grails.commons.spring.ReloadAwareAutowireCapableBeanFactory.doCreateBean(ReloadAwareAutowireCapableBeanFactory.java:130)
	at org.springframework.beans.factory.support.AbstractAutowireCapableBeanFactory.createBean(AbstractAutowireCapableBeanFactory.java:456)
	at org.springframework.beans.factory.support.AbstractBeanFactory$1.getObject(AbstractBeanFactory.java:294)
	at org.springframework.beans.factory.support.DefaultSingletonBeanRegistry.getSingleton(DefaultSingletonBeanRegistry.java:225)
	at org.springframework.beans.factory.support.AbstractBeanFactory.doGetBean(AbstractBeanFactory.java:291)
	at org.springframework.beans.factory.support.AbstractBeanFactory.getBean(AbstractBeanFactory.java:197)
	at org.codehaus.groovy.grails.orm.support.TransactionManagerPostProcessor.initialize(TransactionManagerPostProcessor.java:74)
	at org.codehaus.groovy.grails.orm.support.TransactionManagerPostProcessor.setBeanFactory(TransactionManagerPostProcessor.java:52)
	at org.springframework.beans.factory.support.AbstractAutowireCapableBeanFactory.invokeAwareMethods(AbstractAutowireCapableBeanFactory.java:1475)
	at org.springframework.beans.factory.support.AbstractAutowireCapableBeanFactory.initializeBean(AbstractAutowireCapableBeanFactory.java:1443)
	at org.springframework.beans.factory.support.AbstractAutowireCapableBeanFactory.doCreateBean(AbstractAutowireCapableBeanFactory.java:519)
	at org.codehaus.groovy.grails.commons.spring.ReloadAwareAutowireCapableBeanFactory.doCreateBean(ReloadAwareAutowireCapableBeanFactory.java:130)
	at org.springframework.beans.factory.support.AbstractAutowireCapableBeanFactory.createBean(AbstractAutowireCapableBeanFactory.java:456)
	at org.springframework.beans.factory.support.AbstractBeanFactory$1.getObject(AbstractBeanFactory.java:294)
	at org.springframework.beans.factory.support.DefaultSingletonBeanRegistry.getSingleton(DefaultSingletonBeanRegistry.java:225)
	at org.springframework.beans.factory.support.AbstractBeanFactory.doGetBean(AbstractBeanFactory.java:291)
	at org.springframework.beans.factory.support.AbstractBeanFactory.getBean(AbstractBeanFactory.java:197)
	at org.springframework.context.support.AbstractApplicationContext.registerBeanPostProcessors(AbstractApplicationContext.java:712)
	at org.springframework.context.support.AbstractApplicationContext.refresh(AbstractApplicationContext.java:454)
	at org.codehaus.groovy.grails.commons.spring.DefaultRuntimeSpringConfiguration.getApplicationContext(DefaultRuntimeSpringConfiguration.java:153)
	at org.codehaus.groovy.grails.commons.spring.GrailsRuntimeConfigurator.configure(GrailsRuntimeConfigurator.java:170)
	at org.codehaus.groovy.grails.commons.spring.GrailsRuntimeConfigurator.configure(GrailsRuntimeConfigurator.java:127)
	at org.codehaus.groovy.grails.web.context.GrailsConfigUtils.configureWebApplicationContext(GrailsConfigUtils.java:121)
	at org.codehaus.groovy.grails.web.context.GrailsContextLoader.initWebApplicationContext(GrailsContextLoader.java:104)
	at org.springframework.web.context.ContextLoaderListener.contextInitialized(ContextLoaderListener.java:111)
	at org.apache.catalina.core.StandardContext.listenerStart(StandardContext.java:4791)
	at org.apache.catalina.core.StandardContext.startInternal(StandardContext.java:5285)
	at org.apache.catalina.util.LifecycleBase.start(LifecycleBase.java:150)
	at org.apache.catalina.core.ContainerBase$StartChild.call(ContainerBase.java:1559)
	at org.apache.catalina.core.ContainerBase$StartChild.call(ContainerBase.java:1549)
	at java.util.concurrent.FutureTask$Sync.innerRun(FutureTask.java:334)
	at java.util.concurrent.FutureTask.run(FutureTask.java:166)
	at java.util.concurrent.ThreadPoolExecutor.runWorker(ThreadPoolExecutor.java:1145)
	at java.util.concurrent.ThreadPoolExecutor$Worker.run(ThreadPoolExecutor.java:615)
	at java.lang.Thread.run(Thread.java:724)
2013-10-17 20:40:26,332 [localhost-startStop-1] ERROR StackTrace  - Full Stack Trace:
org.springframework.beans.factory.BeanCreationException: Error creating bean with name 'transactionManagerPostProcessor': Initialization of bean failed; nested exception is org.springframework.beans.factory.BeanCreationException: Error creating bean with name 'transactionManager': Cannot resolve reference to bean 'sessionFactory' while setting bean property 'sessionFactory'; nested exception is org.springframework.beans.factory.BeanCreationException: Error creating bean with name 'sessionFactory': Cannot resolve reference to bean 'hibernateProperties' while setting bean property 'hibernateProperties'; nested exception is org.springframework.beans.factory.BeanCreationException: Error creating bean with name 'hibernateProperties': Cannot resolve reference to bean 'dialectDetector' while setting bean property 'properties' with key [hibernate.dialect]; nested exception is org.springframework.beans.factory.BeanCreationException: Error creating bean with name 'dialectDetector': Invocation of init method failed; nested exception is org.codehaus.groovy.grails.orm.hibernate.exceptions.CouldNotDetermineHibernateDialectException: Could not determine Hibernate dialect for database name [H2]!
	at java.util.concurrent.FutureTask$Sync.innerRun(FutureTask.java:334)
	at java.util.concurrent.FutureTask.run(FutureTask.java:166)
	at java.util.concurrent.ThreadPoolExecutor.runWorker(ThreadPoolExecutor.java:1145)
	at java.util.concurrent.ThreadPoolExecutor$Worker.run(ThreadPoolExecutor.java:615)
	at java.lang.Thread.run(Thread.java:724)
Caused by: org.springframework.beans.factory.BeanCreationException: Error creating bean with name 'transactionManager': Cannot resolve reference to bean 'sessionFactory' while setting bean property 'sessionFactory'; nested exception is org.springframework.beans.factory.BeanCreationException: Error creating bean with name 'sessionFactory': Cannot resolve reference to bean 'hibernateProperties' while setting bean property 'hibernateProperties'; nested exception is org.springframework.beans.factory.BeanCreationException: Error creating bean with name 'hibernateProperties': Cannot resolve reference to bean 'dialectDetector' while setting bean property 'properties' with key [hibernate.dialect]; nested exception is org.springframework.beans.factory.BeanCreationException: Error creating bean with name 'dialectDetector': Invocation of init method failed; nested exception is org.codehaus.groovy.grails.orm.hibernate.exceptions.CouldNotDetermineHibernateDialectException: Could not determine Hibernate dialect for database name [H2]!
	... 5 more
Caused by: org.springframework.beans.factory.BeanCreationException: Error creating bean with name 'sessionFactory': Cannot resolve reference to bean 'hibernateProperties' while setting bean property 'hibernateProperties'; nested exception is org.springframework.beans.factory.BeanCreationException: Error creating bean with name 'hibernateProperties': Cannot resolve reference to bean 'dialectDetector' while setting bean property 'properties' with key [hibernate.dialect]; nested exception is org.springframework.beans.factory.BeanCreationException: Error creating bean with name 'dialectDetector': Invocation of init method failed; nested exception is org.codehaus.groovy.grails.orm.hibernate.exceptions.CouldNotDetermineHibernateDialectException: Could not determine Hibernate dialect for database name [H2]!
	... 5 more
Caused by: org.springframework.beans.factory.BeanCreationException: Error creating bean with name 'hibernateProperties': Cannot resolve reference to bean 'dialectDetector' while setting bean property 'properties' with key [hibernate.dialect]; nested exception is org.springframework.beans.factory.BeanCreationException: Error creating bean with name 'dialectDetector': Invocation of init method failed; nested exception is org.codehaus.groovy.grails.orm.hibernate.exceptions.CouldNotDetermineHibernateDialectException: Could not determine Hibernate dialect for database name [H2]!
	... 5 more
Caused by: org.springframework.beans.factory.BeanCreationException: Error creating bean with name 'dialectDetector': Invocation of init method failed; nested exception is org.codehaus.groovy.grails.orm.hibernate.exceptions.CouldNotDetermineHibernateDialectException: Could not determine Hibernate dialect for database name [H2]!
	... 5 more
Caused by: org.codehaus.groovy.grails.orm.hibernate.exceptions.CouldNotDetermineHibernateDialectException: Could not determine Hibernate dialect for database name [H2]!
	... 5 more
2013-10-17 20:40:26,333 [localhost-startStop-1] ERROR StackTrace  - Full Stack Trace:
org.springframework.beans.factory.BeanCreationException: Error creating bean with name 'transactionManagerPostProcessor': Initialization of bean failed; nested exception is org.springframework.beans.factory.BeanCreationException: Error creating bean with name 'transactionManager': Cannot resolve reference to bean 'sessionFactory' while setting bean property 'sessionFactory'; nested exception is org.springframework.beans.factory.BeanCreationException: Error creating bean with name 'sessionFactory': Cannot resolve reference to bean 'hibernateProperties' while setting bean property 'hibernateProperties'; nested exception is org.springframework.beans.factory.BeanCreationException: Error creating bean with name 'hibernateProperties': Cannot resolve reference to bean 'dialectDetector' while setting bean property 'properties' with key [hibernate.dialect]; nested exception is org.springframework.beans.factory.BeanCreationException: Error creating bean with name 'dialectDetector': Invocation of init method failed; nested exception is org.codehaus.groovy.grails.orm.hibernate.exceptions.CouldNotDetermineHibernateDialectException: Could not determine Hibernate dialect for database name [H2]!
	at java.util.concurrent.FutureTask$Sync.innerRun(FutureTask.java:334)
	at java.util.concurrent.FutureTask.run(FutureTask.java:166)
	at java.util.concurrent.ThreadPoolExecutor.runWorker(ThreadPoolExecutor.java:1145)
	at java.util.concurrent.ThreadPoolExecutor$Worker.run(ThreadPoolExecutor.java:615)
	at java.lang.Thread.run(Thread.java:724)
Caused by: org.springframework.beans.factory.BeanCreationException: Error creating bean with name 'transactionManager': Cannot resolve reference to bean 'sessionFactory' while setting bean property 'sessionFactory'; nested exception is org.springframework.beans.factory.BeanCreationException: Error creating bean with name 'sessionFactory': Cannot resolve reference to bean 'hibernateProperties' while setting bean property 'hibernateProperties'; nested exception is org.springframework.beans.factory.BeanCreationException: Error creating bean with name 'hibernateProperties': Cannot resolve reference to bean 'dialectDetector' while setting bean property 'properties' with key [hibernate.dialect]; nested exception is org.springframework.beans.factory.BeanCreationException: Error creating bean with name 'dialectDetector': Invocation of init method failed; nested exception is org.codehaus.groovy.grails.orm.hibernate.exceptions.CouldNotDetermineHibernateDialectException: Could not determine Hibernate dialect for database name [H2]!
	... 5 more
Caused by: org.springframework.beans.factory.BeanCreationException: Error creating bean with name 'sessionFactory': Cannot resolve reference to bean 'hibernateProperties' while setting bean property 'hibernateProperties'; nested exception is org.springframework.beans.factory.BeanCreationException: Error creating bean with name 'hibernateProperties': Cannot resolve reference to bean 'dialectDetector' while setting bean property 'properties' with key [hibernate.dialect]; nested exception is org.springframework.beans.factory.BeanCreationException: Error creating bean with name 'dialectDetector': Invocation of init method failed; nested exception is org.codehaus.groovy.grails.orm.hibernate.exceptions.CouldNotDetermineHibernateDialectException: Could not determine Hibernate dialect for database name [H2]!
	... 5 more
Caused by: org.springframework.beans.factory.BeanCreationException: Error creating bean with name 'hibernateProperties': Cannot resolve reference to bean 'dialectDetector' while setting bean property 'properties' with key [hibernate.dialect]; nested exception is org.springframework.beans.factory.BeanCreationException: Error creating bean with name 'dialectDetector': Invocation of init method failed; nested exception is org.codehaus.groovy.grails.orm.hibernate.exceptions.CouldNotDetermineHibernateDialectException: Could not determine Hibernate dialect for database name [H2]!
	... 5 more
Caused by: org.springframework.beans.factory.BeanCreationException: Error creating bean with name 'dialectDetector': Invocation of init method failed; nested exception is org.codehaus.groovy.grails.orm.hibernate.exceptions.CouldNotDetermineHibernateDialectException: Could not determine Hibernate dialect for database name [H2]!
	... 5 more
Caused by: org.codehaus.groovy.grails.orm.hibernate.exceptions.CouldNotDetermineHibernateDialectException: Could not determine Hibernate dialect for database name [H2]!
	... 5 more
2013-10-17 20:40:26,333 [localhost-startStop-1] ERROR StackTrace  - Full Stack Trace:
org.springframework.beans.factory.BeanCreationException: Error creating bean with name 'transactionManager': Cannot resolve reference to bean 'sessionFactory' while setting bean property 'sessionFactory'; nested exception is org.springframework.beans.factory.BeanCreationException: Error creating bean with name 'sessionFactory': Cannot resolve reference to bean 'hibernateProperties' while setting bean property 'hibernateProperties'; nested exception is org.springframework.beans.factory.BeanCreationException: Error creating bean with name 'hibernateProperties': Cannot resolve reference to bean 'dialectDetector' while setting bean property 'properties' with key [hibernate.dialect]; nested exception is org.springframework.beans.factory.BeanCreationException: Error creating bean with name 'dialectDetector': Invocation of init method failed; nested exception is org.codehaus.groovy.grails.orm.hibernate.exceptions.CouldNotDetermineHibernateDialectException: Could not determine Hibernate dialect for database name [H2]!
	at java.util.concurrent.FutureTask$Sync.innerRun(FutureTask.java:334)
	at java.util.concurrent.FutureTask.run(FutureTask.java:166)
	at java.util.concurrent.ThreadPoolExecutor.runWorker(ThreadPoolExecutor.java:1145)
	at java.util.concurrent.ThreadPoolExecutor$Worker.run(ThreadPoolExecutor.java:615)
	at java.lang.Thread.run(Thread.java:724)
Caused by: org.springframework.beans.factory.BeanCreationException: Error creating bean with name 'sessionFactory': Cannot resolve reference to bean 'hibernateProperties' while setting bean property 'hibernateProperties'; nested exception is org.springframework.beans.factory.BeanCreationException: Error creating bean with name 'hibernateProperties': Cannot resolve reference to bean 'dialectDetector' while setting bean property 'properties' with key [hibernate.dialect]; nested exception is org.springframework.beans.factory.BeanCreationException: Error creating bean with name 'dialectDetector': Invocation of init method failed; nested exception is org.codehaus.groovy.grails.orm.hibernate.exceptions.CouldNotDetermineHibernateDialectException: Could not determine Hibernate dialect for database name [H2]!
	... 5 more
Caused by: org.springframework.beans.factory.BeanCreationException: Error creating bean with name 'hibernateProperties': Cannot resolve reference to bean 'dialectDetector' while setting bean property 'properties' with key [hibernate.dialect]; nested exception is org.springframework.beans.factory.BeanCreationException: Error creating bean with name 'dialectDetector': Invocation of init method failed; nested exception is org.codehaus.groovy.grails.orm.hibernate.exceptions.CouldNotDetermineHibernateDialectException: Could not determine Hibernate dialect for database name [H2]!
	... 5 more
Caused by: org.springframework.beans.factory.BeanCreationException: Error creating bean with name 'dialectDetector': Invocation of init method failed; nested exception is org.codehaus.groovy.grails.orm.hibernate.exceptions.CouldNotDetermineHibernateDialectException: Could not determine Hibernate dialect for database name [H2]!
	... 5 more
Caused by: org.codehaus.groovy.grails.orm.hibernate.exceptions.CouldNotDetermineHibernateDialectException: Could not determine Hibernate dialect for database name [H2]!
	... 5 more
2013-10-17 20:40:26,334 [localhost-startStop-1] ERROR StackTrace  - Full Stack Trace:
org.springframework.beans.factory.BeanCreationException: Error creating bean with name 'sessionFactory': Cannot resolve reference to bean 'hibernateProperties' while setting bean property 'hibernateProperties'; nested exception is org.springframework.beans.factory.BeanCreationException: Error creating bean with name 'hibernateProperties': Cannot resolve reference to bean 'dialectDetector' while setting bean property 'properties' with key [hibernate.dialect]; nested exception is org.springframework.beans.factory.BeanCreationException: Error creating bean with name 'dialectDetector': Invocation of init method failed; nested exception is org.codehaus.groovy.grails.orm.hibernate.exceptions.CouldNotDetermineHibernateDialectException: Could not determine Hibernate dialect for database name [H2]!
	at java.util.concurrent.FutureTask$Sync.innerRun(FutureTask.java:334)
	at java.util.concurrent.FutureTask.run(FutureTask.java:166)
	at java.util.concurrent.ThreadPoolExecutor.runWorker(ThreadPoolExecutor.java:1145)
	at java.util.concurrent.ThreadPoolExecutor$Worker.run(ThreadPoolExecutor.java:615)
	at java.lang.Thread.run(Thread.java:724)
Caused by: org.springframework.beans.factory.BeanCreationException: Error creating bean with name 'hibernateProperties': Cannot resolve reference to bean 'dialectDetector' while setting bean property 'properties' with key [hibernate.dialect]; nested exception is org.springframework.beans.factory.BeanCreationException: Error creating bean with name 'dialectDetector': Invocation of init method failed; nested exception is org.codehaus.groovy.grails.orm.hibernate.exceptions.CouldNotDetermineHibernateDialectException: Could not determine Hibernate dialect for database name [H2]!
	... 5 more
Caused by: org.springframework.beans.factory.BeanCreationException: Error creating bean with name 'dialectDetector': Invocation of init method failed; nested exception is org.codehaus.groovy.grails.orm.hibernate.exceptions.CouldNotDetermineHibernateDialectException: Could not determine Hibernate dialect for database name [H2]!
	... 5 more
Caused by: org.codehaus.groovy.grails.orm.hibernate.exceptions.CouldNotDetermineHibernateDialectException: Could not determine Hibernate dialect for database name [H2]!
	... 5 more
2013-10-17 20:40:26,334 [localhost-startStop-1] ERROR StackTrace  - Full Stack Trace:
org.springframework.beans.factory.BeanCreationException: Error creating bean with name 'hibernateProperties': Cannot resolve reference to bean 'dialectDetector' while setting bean property 'properties' with key [hibernate.dialect]; nested exception is org.springframework.beans.factory.BeanCreationException: Error creating bean with name 'dialectDetector': Invocation of init method failed; nested exception is org.codehaus.groovy.grails.orm.hibernate.exceptions.CouldNotDetermineHibernateDialectException: Could not determine Hibernate dialect for database name [H2]!
	at java.util.concurrent.FutureTask$Sync.innerRun(FutureTask.java:334)
	at java.util.concurrent.FutureTask.run(FutureTask.java:166)
	at java.util.concurrent.ThreadPoolExecutor.runWorker(ThreadPoolExecutor.java:1145)
	at java.util.concurrent.ThreadPoolExecutor$Worker.run(ThreadPoolExecutor.java:615)
	at java.lang.Thread.run(Thread.java:724)
Caused by: org.springframework.beans.factory.BeanCreationException: Error creating bean with name 'dialectDetector': Invocation of init method failed; nested exception is org.codehaus.groovy.grails.orm.hibernate.exceptions.CouldNotDetermineHibernateDialectException: Could not determine Hibernate dialect for database name [H2]!
	... 5 more
Caused by: org.codehaus.groovy.grails.orm.hibernate.exceptions.CouldNotDetermineHibernateDialectException: Could not determine Hibernate dialect for database name [H2]!
	... 5 more
2013-10-17 20:40:26,334 [localhost-startStop-1] ERROR StackTrace  - Full Stack Trace:
org.springframework.beans.factory.BeanCreationException: Error creating bean with name 'dialectDetector': Invocation of init method failed; nested exception is org.codehaus.groovy.grails.orm.hibernate.exceptions.CouldNotDetermineHibernateDialectException: Could not determine Hibernate dialect for database name [H2]!
	at java.util.concurrent.FutureTask$Sync.innerRun(FutureTask.java:334)
	at java.util.concurrent.FutureTask.run(FutureTask.java:166)
	at java.util.concurrent.ThreadPoolExecutor.runWorker(ThreadPoolExecutor.java:1145)
	at java.util.concurrent.ThreadPoolExecutor$Worker.run(ThreadPoolExecutor.java:615)
	at java.lang.Thread.run(Thread.java:724)
Caused by: org.codehaus.groovy.grails.orm.hibernate.exceptions.CouldNotDetermineHibernateDialectException: Could not determine Hibernate dialect for database name [H2]!
	... 5 more
2013-10-17 20:40:26,335 [localhost-startStop-1] ERROR StackTrace  - Full Stack Trace:
org.codehaus.groovy.grails.orm.hibernate.exceptions.CouldNotDetermineHibernateDialectException: Could not determine Hibernate dialect for database name [H2]!
	at java.util.concurrent.FutureTask$Sync.innerRun(FutureTask.java:334)
	at java.util.concurrent.FutureTask.run(FutureTask.java:166)
	at java.util.concurrent.ThreadPoolExecutor.runWorker(ThreadPoolExecutor.java:1145)
	at java.util.concurrent.ThreadPoolExecutor$Worker.run(ThreadPoolExecutor.java:615)
	at java.lang.Thread.run(Thread.java:724)
2013-10-17 20:40:26,335 [localhost-startStop-1] ERROR StackTrace  - Full Stack Trace:
org.springframework.beans.factory.BeanCreationException: Error creating bean with name 'transactionManagerPostProcessor': Initialization of bean failed; nested exception is org.springframework.beans.factory.BeanCreationException: Error creating bean with name 'transactionManager': Cannot resolve reference to bean 'sessionFactory' while setting bean property 'sessionFactory'; nested exception is org.springframework.beans.factory.BeanCreationException: Error creating bean with name 'sessionFactory': Cannot resolve reference to bean 'hibernateProperties' while setting bean property 'hibernateProperties'; nested exception is org.springframework.beans.factory.BeanCreationException: Error creating bean with name 'hibernateProperties': Cannot resolve reference to bean 'dialectDetector' while setting bean property 'properties' with key [hibernate.dialect]; nested exception is org.springframework.beans.factory.BeanCreationException: Error creating bean with name 'dialectDetector': Invocation of init method failed; nested exception is org.codehaus.groovy.grails.orm.hibernate.exceptions.CouldNotDetermineHibernateDialectException: Could not determine Hibernate dialect for database name [H2]!
	at java.util.concurrent.FutureTask$Sync.innerRun(FutureTask.java:334)
	at java.util.concurrent.FutureTask.run(FutureTask.java:166)
	at java.util.concurrent.ThreadPoolExecutor.runWorker(ThreadPoolExecutor.java:1145)
	at java.util.concurrent.ThreadPoolExecutor$Worker.run(ThreadPoolExecutor.java:615)
	at java.lang.Thread.run(Thread.java:724)
Caused by: org.springframework.beans.factory.BeanCreationException: Error creating bean with name 'transactionManager': Cannot resolve reference to bean 'sessionFactory' while setting bean property 'sessionFactory'; nested exception is org.springframework.beans.factory.BeanCreationException: Error creating bean with name 'sessionFactory': Cannot resolve reference to bean 'hibernateProperties' while setting bean property 'hibernateProperties'; nested exception is org.springframework.beans.factory.BeanCreationException: Error creating bean with name 'hibernateProperties': Cannot resolve reference to bean 'dialectDetector' while setting bean property 'properties' with key [hibernate.dialect]; nested exception is org.springframework.beans.factory.BeanCreationException: Error creating bean with name 'dialectDetector': Invocation of init method failed; nested exception is org.codehaus.groovy.grails.orm.hibernate.exceptions.CouldNotDetermineHibernateDialectException: Could not determine Hibernate dialect for database name [H2]!
	... 5 more
Caused by: org.springframework.beans.factory.BeanCreationException: Error creating bean with name 'sessionFactory': Cannot resolve reference to bean 'hibernateProperties' while setting bean property 'hibernateProperties'; nested exception is org.springframework.beans.factory.BeanCreationException: Error creating bean with name 'hibernateProperties': Cannot resolve reference to bean 'dialectDetector' while setting bean property 'properties' with key [hibernate.dialect]; nested exception is org.springframework.beans.factory.BeanCreationException: Error creating bean with name 'dialectDetector': Invocation of init method failed; nested exception is org.codehaus.groovy.grails.orm.hibernate.exceptions.CouldNotDetermineHibernateDialectException: Could not determine Hibernate dialect for database name [H2]!
	... 5 more
Caused by: org.springframework.beans.factory.BeanCreationException: Error creating bean with name 'hibernateProperties': Cannot resolve reference to bean 'dialectDetector' while setting bean property 'properties' with key [hibernate.dialect]; nested exception is org.springframework.beans.factory.BeanCreationException: Error creating bean with name 'dialectDetector': Invocation of init method failed; nested exception is org.codehaus.groovy.grails.orm.hibernate.exceptions.CouldNotDetermineHibernateDialectException: Could not determine Hibernate dialect for database name [H2]!
	... 5 more
Caused by: org.springframework.beans.factory.BeanCreationException: Error creating bean with name 'dialectDetector': Invocation of init method failed; nested exception is org.codehaus.groovy.grails.orm.hibernate.exceptions.CouldNotDetermineHibernateDialectException: Could not determine Hibernate dialect for database name [H2]!
	... 5 more
Caused by: org.codehaus.groovy.grails.orm.hibernate.exceptions.CouldNotDetermineHibernateDialectException: Could not determine Hibernate dialect for database name [H2]!
	... 5 more
